<?xml version="1.0" encoding="UTF-8"?>
<!-- Generated by org.testng.reporters.JUnitReportReporter -->
<testsuite hostname="SarthakDell" failures="0" tests="5" name="framework.DataDrivenFramework_TestCases" time="51.327" errors="0" timestamp="2023-07-28T22:27:37 GMT-04:00" skipped="0">
  <testcase classname="framework.DataDrivenFramework_TestCases" name="rediffLoginTest" time="14.016"/>
  <testcase classname="framework.DataDrivenFramework_TestCases" name="rediffLoginTest" time="8.334"/>
  <testcase classname="framework.DataDrivenFramework_TestCases" name="rediffLoginTest" time="13.101"/>
  <testcase classname="framework.DataDrivenFramework_TestCases" name="rediffLoginTest" time="7.273"/>
  <testcase classname="framework.DataDrivenFramework_TestCases" name="rediffLoginTest" time="8.603"/>
</testsuite> <!-- framework.DataDrivenFramework_TestCases -->
