<?xml version="1.0" encoding="UTF-8"?>
<!-- Generated by org.testng.reporters.JUnitReportReporter -->
<testsuite hostname="SarthakDell" failures="0" tests="3" name="com.qa.tutorialsninja.TestCases.SearchProductTest" time="16.718" errors="0" timestamp="2023-09-14T22:50:53 GMT-04:00" skipped="0">
  <testcase classname="com.qa.tutorialsninja.TestCases.SearchProductTest" name="verifySearchWithValidProduct" time="5.272"/>
  <testcase classname="com.qa.tutorialsninja.TestCases.SearchProductTest" name="verifySearchWithInvalidProduct" time="5.590"/>
  <testcase classname="com.qa.tutorialsninja.TestCases.SearchProductTest" name="verifySearchWithNoProduct" time="5.856"/>
</testsuite> <!-- com.qa.tutorialsninja.TestCases.SearchProductTest -->
